<?xml version="1.0" encoding="UTF-8"?>
<!-- Generated by org.testng.reporters.JUnitReportReporter -->
<testsuite hostname="LAPTOP-JHASPJOK" failures="0" tests="2" name="seleniumpack1.tg2" time="0.012" errors="0" timestamp="2025-08-18T15:16:14 IST" skipped="0">
  <testcase classname="seleniumpack1.tg2" name="f" time="0.002"/>
  <testcase classname="seleniumpack1.tg2" name="f" time="0.010"/>
</testsuite> <!-- seleniumpack1.tg2 -->
