<?xml version="1.0" encoding="UTF-8"?>
<!-- Generated by org.testng.reporters.JUnitReportReporter -->
<testsuite hostname="LAPTOP-JHASPJOK" failures="0" tests="1" name="com.practice.Q2" time="8.930" errors="0" timestamp="2025-08-27T10:42:59 IST" skipped="0">
  <testcase classname="com.practice.Q2" name="f" time="8.930"/>
</testsuite> <!-- com.practice.Q2 -->
