<?xml version="1.0" encoding="UTF-8"?>
<!-- Generated by org.testng.reporters.JUnitReportReporter -->
<testsuite hostname="LAPTOP-JHASPJOK" failures="0" tests="1" name="com.practice.Q9" time="3.903" errors="0" timestamp="2025-08-27T11:00:47 IST" skipped="0">
  <testcase classname="com.practice.Q9" name="f" time="3.903"/>
</testsuite> <!-- com.practice.Q9 -->
