<?xml version="1.0" encoding="UTF-8"?>
<!-- Generated by org.testng.reporters.JUnitReportReporter -->
<testsuite hostname="LAPTOP-JHASPJOK" failures="0" tests="2" name="seleniumpack1.Lab9_4" time="32.183" errors="0" timestamp="2025-08-19T15:18:05 IST" skipped="0">
  <testcase classname="seleniumpack1.Lab9_4" name="f" time="14.782"/>
  <testcase classname="seleniumpack1.Lab9_4" name="f" time="17.401"/>
</testsuite> <!-- seleniumpack1.Lab9_4 -->
