<?xml version="1.0" encoding="UTF-8"?>
<!-- Generated by org.testng.reporters.JUnitReportReporter -->
<testsuite hostname="LAPTOP-JHASPJOK" failures="0" tests="1" name="seleniumpack1.Lab11_2_4" time="6.342" errors="0" timestamp="2025-08-20T11:54:14 IST" skipped="0">
  <testcase classname="seleniumpack1.Lab11_2_4" name="f" time="6.342"/>
</testsuite> <!-- seleniumpack1.Lab11_2_4 -->
