<?xml version="1.0" encoding="UTF-8"?>
<!-- Generated by org.testng.reporters.JUnitReportReporter -->
<testsuite hostname="LAPTOP-JHASPJOK" failures="0" tests="2" name="seleniumpack1.Lab9_3" time="21.759" errors="0" timestamp="2025-08-19T15:18:05 IST" skipped="0">
  <testcase classname="seleniumpack1.Lab9_3" name="f" time="13.532"/>
  <testcase classname="seleniumpack1.Lab9_3" name="f" time="8.227"/>
</testsuite> <!-- seleniumpack1.Lab9_3 -->
