<?xml version="1.0" encoding="UTF-8"?>
<!-- Generated by org.testng.reporters.JUnitReportReporter -->
<testsuite hostname="LAPTOP-JHASPJOK" failures="0" tests="2" name="seleniumpack1.Lab15" time="25.244" errors="0" timestamp="2025-08-22T10:00:40 IST" skipped="0">
  <testcase classname="seleniumpack1.Lab15" name="f" time="12.909"/>
  <testcase classname="seleniumpack1.Lab15" name="f" time="12.335"/>
</testsuite> <!-- seleniumpack1.Lab15 -->
