<?xml version="1.0" encoding="UTF-8"?>
<!-- Generated by org.testng.reporters.JUnitReportReporter -->
<testsuite hostname="LAPTOP-JHASPJOK" failures="0" tests="3" name="seleniumpack1.TC0013_TestNG2_PageFactory" time="38.573" errors="0" timestamp="2025-08-20T16:15:14 IST" skipped="0">
  <testcase classname="seleniumpack1.TC0013_TestNG2_PageFactory" name="f" time="12.696"/>
  <testcase classname="seleniumpack1.TC0013_TestNG2_PageFactory" name="f" time="11.207"/>
  <testcase classname="seleniumpack1.TC0013_TestNG2_PageFactory" name="f" time="14.670"/>
</testsuite> <!-- seleniumpack1.TC0013_TestNG2_PageFactory -->
