<?xml version="1.0" encoding="UTF-8"?>
<!-- Generated by org.testng.reporters.JUnitReportReporter -->
<testsuite hostname="LAPTOP-JHASPJOK" failures="0" tests="1" name="com.practice.Q2" time="6.499" errors="0" timestamp="2025-08-29T12:41:37 IST" skipped="0">
  <testcase classname="com.practice.Q2" name="f" time="6.499"/>
</testsuite> <!-- com.practice.Q2 -->
