<?xml version="1.0" encoding="UTF-8"?>
<!-- Generated by org.testng.reporters.JUnitReportReporter -->
<testsuite hostname="LAPTOP-JHASPJOK" failures="0" tests="1" name="seleniumpack1.Lab8_4" time="7.607" errors="0" timestamp="2025-08-19T15:14:57 IST" skipped="0">
  <testcase classname="seleniumpack1.Lab8_4" name="f" time="7.607"/>
</testsuite> <!-- seleniumpack1.Lab8_4 -->
