<?xml version="1.0" encoding="UTF-8"?>
<!-- Generated by org.testng.reporters.JUnitReportReporter -->
<testsuite hostname="LAPTOP-JHASPJOK" failures="0" tests="3" name="seleniumpack1.XML_DataProvider" time="30.077" errors="0" timestamp="2025-08-22T14:59:24 IST" skipped="0">
  <testcase classname="seleniumpack1.XML_DataProvider" name="f" time="8.473"/>
  <testcase classname="seleniumpack1.XML_DataProvider" name="f" time="13.048"/>
  <testcase classname="seleniumpack1.XML_DataProvider" name="f" time="8.556"/>
</testsuite> <!-- seleniumpack1.XML_DataProvider -->
