<?xml version="1.0" encoding="UTF-8"?>
<!-- Generated by org.testng.reporters.JUnitReportReporter -->
<testsuite hostname="LAPTOP-JHASPJOK" failures="0" tests="1" name="com.practice.Q7" time="7.045" errors="0" timestamp="2025-08-27T10:56:02 IST" skipped="0">
  <testcase classname="com.practice.Q7" name="f" time="7.045"/>
</testsuite> <!-- com.practice.Q7 -->
