<?xml version="1.0" encoding="UTF-8"?>
<!-- Generated by org.testng.reporters.JUnitReportReporter -->
<testsuite hostname="LAPTOP-JHASPJOK" failures="0" tests="1" name="seleniumpack1.Lab8" time="7.740" errors="0" timestamp="2025-08-18T15:29:04 IST" skipped="0">
  <testcase classname="seleniumpack1.Lab8" name="f" time="7.740"/>
</testsuite> <!-- seleniumpack1.Lab8 -->
