<?xml version="1.0" encoding="UTF-8"?>
<!-- Generated by org.testng.reporters.JUnitReportReporter -->
<testsuite hostname="LAPTOP-JHASPJOK" failures="0" tests="1" name="com.practice.Q6" time="7.669" errors="0" timestamp="2025-08-27T10:53:00 IST" skipped="0">
  <testcase classname="com.practice.Q6" name="f" time="7.669"/>
</testsuite> <!-- com.practice.Q6 -->
