<?xml version="1.0" encoding="UTF-8"?>
<!-- Generated by org.testng.reporters.JUnitReportReporter -->
<testsuite hostname="LAPTOP-JHASPJOK" failures="0" tests="1" name="com.practice.Q8" time="6.492" errors="0" timestamp="2025-08-28T16:10:35 IST" skipped="0">
  <testcase classname="com.practice.Q8" name="f" time="6.492"/>
</testsuite> <!-- com.practice.Q8 -->
