<?xml version="1.0" encoding="UTF-8"?>
<!-- Generated by org.testng.reporters.JUnitReportReporter -->
<testsuite hostname="LAPTOP-JHASPJOK" failures="0" tests="1" name="seleniumpack1.Lab12_Propertiesfile" time="6.549" errors="0" timestamp="2025-08-21T16:20:17 IST" skipped="0">
  <testcase classname="seleniumpack1.Lab12_Propertiesfile" name="registerUserTest" time="6.549"/>
</testsuite> <!-- seleniumpack1.Lab12_Propertiesfile -->
