<?xml version="1.0" encoding="UTF-8"?>
<!-- Generated by org.testng.reporters.JUnitReportReporter -->
<testsuite hostname="LAPTOP-JHASPJOK" failures="0" tests="2" name="seleniumpack1.Lab14" time="30.126" errors="0" timestamp="2025-08-21T10:58:21 IST" skipped="0">
  <testcase classname="seleniumpack1.Lab14" name="f" time="17.307"/>
  <testcase classname="seleniumpack1.Lab14" name="f" time="12.819"/>
</testsuite> <!-- seleniumpack1.Lab14 -->
