<?xml version="1.0" encoding="UTF-8"?>
<!-- Generated by org.testng.reporters.JUnitReportReporter -->
<testsuite hostname="LAPTOP-JHASPJOK" failures="0" tests="1" name="com.practice.Q3" time="7.787" errors="0" timestamp="2025-08-29T12:41:37 IST" skipped="0">
  <testcase classname="com.practice.Q3" name="f" time="7.787"/>
</testsuite> <!-- com.practice.Q3 -->
