<?xml version="1.0" encoding="UTF-8"?>
<!-- Generated by org.testng.reporters.JUnitReportReporter -->
<testsuite hostname="LAPTOP-JHASPJOK" failures="0" tests="1" name="seleniumpack1.jenkinstest" time="7.000" errors="0" timestamp="2025-08-26T16:57:54 IST" skipped="0">
  <testcase classname="seleniumpack1.jenkinstest" name="loginTest" time="7.000"/>
</testsuite> <!-- seleniumpack1.jenkinstest -->
