<?xml version="1.0" encoding="UTF-8"?>
<!-- Generated by org.testng.reporters.JUnitReportReporter -->
<testsuite hostname="LAPTOP-JHASPJOK" failures="0" tests="1" name="seleniumpack1.Lab11_2_3" time="5.292" errors="0" timestamp="2025-08-20T11:52:56 IST" skipped="0">
  <testcase classname="seleniumpack1.Lab11_2_3" name="f" time="5.292"/>
</testsuite> <!-- seleniumpack1.Lab11_2_3 -->
