<?xml version="1.0" encoding="UTF-8"?>
<!-- Generated by org.testng.reporters.JUnitReportReporter -->
<testsuite hostname="LAPTOP-JHASPJOK" failures="0" tests="1" name="seleniumpack1.TC0015" time="11.564" errors="0" timestamp="2025-08-19T09:21:27 IST" skipped="0">
  <testcase classname="seleniumpack1.TC0015" name="test1" time="11.564"/>
</testsuite> <!-- seleniumpack1.TC0015 -->
