<?xml version="1.0" encoding="UTF-8"?>
<!-- Generated by org.testng.reporters.JUnitReportReporter -->
<testsuite hostname="LAPTOP-JHASPJOK" failures="0" tests="1" name="com.practice.Q4" time="5.062" errors="0" timestamp="2025-08-27T10:48:59 IST" skipped="0">
  <testcase classname="com.practice.Q4" name="f" time="5.062"/>
</testsuite> <!-- com.practice.Q4 -->
