<?xml version="1.0" encoding="UTF-8"?>
<!-- Generated by org.testng.reporters.JUnitReportReporter -->
<testsuite hostname="LAPTOP-JHASPJOK" failures="0" tests="3" name="seleniumpack1.TC0012_TestNG2_pagefactory2_csv" time="24.376" errors="0" timestamp="2025-08-22T09:21:58 IST" skipped="0">
  <testcase classname="seleniumpack1.TC0012_TestNG2_pagefactory2_csv" name="f" time="7.883"/>
  <testcase classname="seleniumpack1.TC0012_TestNG2_pagefactory2_csv" name="f" time="8.442"/>
  <testcase classname="seleniumpack1.TC0012_TestNG2_pagefactory2_csv" name="f" time="8.051"/>
</testsuite> <!-- seleniumpack1.TC0012_TestNG2_pagefactory2_csv -->
