<?xml version="1.0" encoding="UTF-8"?>
<!-- Generated by org.testng.reporters.JUnitReportReporter -->
<testsuite hostname="LAPTOP-JHASPJOK" failures="0" tests="1" name="com.practice.Q3" time="10.431" errors="0" timestamp="2025-08-27T10:45:28 IST" skipped="0">
  <testcase classname="com.practice.Q3" name="f" time="10.431"/>
</testsuite> <!-- com.practice.Q3 -->
