<?xml version="1.0" encoding="UTF-8"?>
<!-- Generated by org.testng.reporters.JUnitReportReporter -->
<testsuite hostname="LAPTOP-JHASPJOK" failures="0" tests="3" name="seleniumpack1.TC0014" time="16.030" errors="0" timestamp="2025-08-19T09:51:31 IST" skipped="0">
  <testcase classname="seleniumpack1.TC0014" name="test1" time="4.636"/>
  <testcase classname="seleniumpack1.TC0014" name="test1" time="7.548"/>
  <testcase classname="seleniumpack1.TC0014" name="test1" time="3.846"/>
</testsuite> <!-- seleniumpack1.TC0014 -->
