<?xml version="1.0" encoding="UTF-8"?>
<!-- Generated by org.testng.reporters.JUnitReportReporter -->
<testsuite hostname="LAPTOP-JHASPJOK" failures="0" tests="1" name="seleniumpack1.TC0016" time="5.110" errors="0" timestamp="2025-08-19T11:07:37 IST" skipped="0">
  <testcase classname="seleniumpack1.TC0016" name="test1" time="5.110"/>
</testsuite> <!-- seleniumpack1.TC0016 -->
