<?xml version="1.0" encoding="UTF-8"?>
<!-- Generated by org.testng.reporters.JUnitReportReporter -->
<testsuite hostname="LAPTOP-JHASPJOK" failures="0" tests="2" name="seleniumpack1.Lab16" time="25.766" errors="0" timestamp="2025-08-22T15:24:09 IST" skipped="0">
  <testcase classname="seleniumpack1.Lab16" name="f" time="12.172"/>
  <testcase classname="seleniumpack1.Lab16" name="f" time="13.594"/>
</testsuite> <!-- seleniumpack1.Lab16 -->
