<?xml version="1.0" encoding="UTF-8"?>
<!-- Generated by org.testng.reporters.JUnitReportReporter -->
<testsuite hostname="LAPTOP-JHASPJOK" failures="0" tests="1" name="com.practice.Q1" time="6.743" errors="0" timestamp="2025-08-29T12:41:37 IST" skipped="0">
  <testcase classname="com.practice.Q1" name="f" time="6.743"/>
</testsuite> <!-- com.practice.Q1 -->
