<?xml version="1.0" encoding="UTF-8"?>
<!-- Generated by org.testng.reporters.JUnitReportReporter -->
<testsuite hostname="LAPTOP-JHASPJOK" failures="0" tests="1" name="com.practice.Q1" time="2.960" errors="0" timestamp="2025-08-26T09:14:42 IST" skipped="0">
  <testcase classname="com.practice.Q1" name="f" time="2.960"/>
</testsuite> <!-- com.practice.Q1 -->
