<?xml version="1.0" encoding="UTF-8"?>
<!-- Generated by org.testng.reporters.JUnitReportReporter -->
<testsuite hostname="LAPTOP-JHASPJOK" failures="0" tests="2" name="seleniumpack1.TC0013_TestNG" time="13.207" errors="0" timestamp="2025-08-18T14:47:44 IST" skipped="0">
  <testcase classname="seleniumpack1.TC0013_TestNG" name="f" time="7.004"/>
  <testcase classname="seleniumpack1.TC0013_TestNG" name="f" time="6.203"/>
</testsuite> <!-- seleniumpack1.TC0013_TestNG -->
