<?xml version="1.0" encoding="UTF-8"?>
<!-- Generated by org.testng.reporters.JUnitReportReporter -->
<testsuite hostname="LAPTOP-JHASPJOK" failures="0" tests="2" name="seleniumpack1.TC0013_TestNG" time="25.907" errors="0" timestamp="2025-08-20T09:31:55 IST" skipped="0">
  <testcase classname="seleniumpack1.TC0013_TestNG" name="f" time="8.807"/>
  <testcase classname="seleniumpack1.TC0013_TestNG" name="f" time="17.100"/>
</testsuite> <!-- seleniumpack1.TC0013_TestNG -->
