<?xml version="1.0" encoding="UTF-8"?>
<!-- Generated by org.testng.reporters.JUnitReportReporter -->
<testsuite hostname="LAPTOP-JHASPJOK" failures="0" tests="10" name="com.orangehrm.test.LoginOrangeHRM" time="4.427" errors="0" timestamp="2025-08-28T16:18:09 IST" skipped="9">
  <testcase classname="com.orangehrm.test.LoginOrangeHRM" name="question9" time="4.427"/>
  <testcase classname="com.orangehrm.test.LoginOrangeHRM" name="question5">
    <skipped/>
  </testcase> <!-- question5 -->
  <testcase classname="com.orangehrm.test.LoginOrangeHRM" name="question2">
    <skipped/>
  </testcase> <!-- question2 -->
  <testcase classname="com.orangehrm.test.LoginOrangeHRM" name="question3">
    <skipped/>
  </testcase> <!-- question3 -->
  <testcase classname="com.orangehrm.test.LoginOrangeHRM" name="question8">
    <skipped/>
  </testcase> <!-- question8 -->
  <testcase classname="com.orangehrm.test.LoginOrangeHRM" name="question6">
    <skipped/>
  </testcase> <!-- question6 -->
  <testcase classname="com.orangehrm.test.LoginOrangeHRM" name="question7">
    <skipped/>
  </testcase> <!-- question7 -->
  <testcase classname="com.orangehrm.test.LoginOrangeHRM" name="verifylogin">
    <skipped/>
  </testcase> <!-- verifylogin -->
  <testcase classname="com.orangehrm.test.LoginOrangeHRM" name="question1">
    <skipped/>
  </testcase> <!-- question1 -->
  <testcase classname="com.orangehrm.test.LoginOrangeHRM" name="question4">
    <skipped/>
  </testcase> <!-- question4 -->
</testsuite> <!-- com.orangehrm.test.LoginOrangeHRM -->
